<?xml version="1.0" encoding="UTF-8"?>
<testng-results ignored="0" total="1" passed="1" failed="0" skipped="0">
  <reporter-output>
    <line>
      <![CDATA[Hello]]>
    </line>
    <line>
      <![CDATA[Good Evening]]>
    </line>
  </reporter-output>
  <suite started-at="2021-08-22T22:24:24 IST" name="Default suite" finished-at="2021-08-22T22:24:24 IST" duration-ms="191">
    <groups>
    </groups>
    <test started-at="2021-08-22T22:24:24 IST" name="Default test" finished-at="2021-08-22T22:24:24 IST" duration-ms="191">
      <class name="testng.Test0">
        <test-method signature="demo()[pri:0, instance:testng.Test0@732c2a62]" started-at="2021-08-22T22:24:24 IST" name="demo" finished-at="2021-08-22T22:24:24 IST" duration-ms="17" status="PASS">
          <reporter-output>
            <line>
              <![CDATA[Hello]]>
            </line>
            <line>
              <![CDATA[Good Evening]]>
            </line>
          </reporter-output>
        </test-method> <!-- demo -->
      </class> <!-- testng.Test0 -->
    </test> <!-- Default test -->
  </suite> <!-- Default suite -->
</testng-results>
